app/build/intermediates/manifest_merge_blame_file/release/manifest-merger-blame-release-report.txt
1<?xml version="1.0" encoding="utf-8"?>
2<manifest xmlns:android="http://schemas.android.com/apk/res/android"
3    package="com.forthgreen.app"
4    android:versionCode="23"
5    android:versionName="2.9.8" >
6
7    <uses-sdk
8        android:minSdkVersion="21"
8-->src/main/AndroidManifest.xml
9        android:targetSdkVersion="31" />
9-->src/main/AndroidManifest.xml
10
11    <uses-permission android:name="android.permission.INTERNET" />
11-->src/main/AndroidManifest.xml:6:5-67
11-->src/main/AndroidManifest.xml:6:22-64
12    <uses-permission android:name="android.permission.FOREGROUND_SERVICE" />
12-->src/main/AndroidManifest.xml:7:5-77
12-->src/main/AndroidManifest.xml:7:22-74
13    <uses-permission android:name="android.permission.ACCESS_COARSE_LOCATION" />
13-->src/main/AndroidManifest.xml:8:5-81
13-->src/main/AndroidManifest.xml:8:22-78
14    <uses-permission android:name="android.permission.ACCESS_FINE_LOCATION" />
14-->src/main/AndroidManifest.xml:9:5-79
14-->src/main/AndroidManifest.xml:9:22-76
15    <uses-permission android:name="android.permission.VIBRATE" />
15-->src/main/AndroidManifest.xml:10:5-66
15-->src/main/AndroidManifest.xml:10:22-63
16    <uses-permission android:name="android.permission.READ_EXTERNAL_STORAGE" />
16-->src/main/AndroidManifest.xml:11:5-80
16-->src/main/AndroidManifest.xml:11:22-77
17    <uses-permission android:name="android.permission.READ_CONTACTS" />
17-->src/main/AndroidManifest.xml:12:5-72
17-->src/main/AndroidManifest.xml:12:22-69
18
19    <queries>
19-->src/main/AndroidManifest.xml:14:5-20:15
20        <intent>
20-->src/main/AndroidManifest.xml:15:9-19:18
21            <action android:name="android.intent.action.VIEW" />
21-->src/main/AndroidManifest.xml:16:13-65
21-->src/main/AndroidManifest.xml:16:21-62
22
23            <category android:name="android.intent.category.BROWSABLE" />
23-->src/main/AndroidManifest.xml:17:13-74
23-->src/main/AndroidManifest.xml:17:23-71
24
25            <data android:scheme="https" />
25-->src/main/AndroidManifest.xml:18:13-44
25-->src/main/AndroidManifest.xml:18:19-41
26        </intent>
27    </queries>
28
29    <uses-permission android:name="android.permission.ACCESS_WIFI_STATE" />
29-->[com.google.android.libraries.places:places:2.4.0] AndroidManifest.xml:10:5-76
29-->[com.google.android.libraries.places:places:2.4.0] AndroidManifest.xml:10:22-73
30
31    <meta-data
31-->src/main/AndroidManifest.xml:142:9-144:69
32        android:name="com.google.android.gms.version"
32-->src/main/AndroidManifest.xml:143:13-58
33        android:value="@integer/google_play_services_version" />
33-->src/main/AndroidManifest.xml:144:13-66
34
35    <uses-permission android:name="android.permission.ACCESS_NETWORK_STATE" />
35-->[com.google.firebase:firebase-auth:20.0.4] AndroidManifest.xml:24:5-79
35-->[com.google.firebase:firebase-auth:20.0.4] AndroidManifest.xml:24:22-76
36
37    <uses-feature
37-->[com.google.android.gms:play-services-maps:17.0.0] AndroidManifest.xml:26:5-28:35
38        android:glEsVersion="0x00020000"
38-->[com.google.android.gms:play-services-maps:17.0.0] AndroidManifest.xml:27:9-41
39        android:required="true" />
39-->[com.google.android.gms:play-services-maps:17.0.0] AndroidManifest.xml:28:9-32
40
41    <uses-permission android:name="android.permission.WAKE_LOCK" /> <!-- Required by older versions of Google Play services to create IID tokens -->
41-->[com.google.firebase:firebase-messaging:21.1.0] AndroidManifest.xml:23:5-68
41-->[com.google.firebase:firebase-messaging:21.1.0] AndroidManifest.xml:23:22-65
42    <uses-permission android:name="com.google.android.c2dm.permission.RECEIVE" />
42-->[com.google.firebase:firebase-messaging:21.1.0] AndroidManifest.xml:25:5-82
42-->[com.google.firebase:firebase-messaging:21.1.0] AndroidManifest.xml:25:22-79
43    <uses-permission android:name="com.google.android.finsky.permission.BIND_GET_INSTALL_REFERRER_SERVICE" />
43-->[com.google.android.gms:play-services-measurement:18.0.3] AndroidManifest.xml:26:5-110
43-->[com.google.android.gms:play-services-measurement:18.0.3] AndroidManifest.xml:26:22-107
44    <uses-permission android:name="android.permission.RECEIVE_BOOT_COMPLETED" />
44-->[androidx.work:work-runtime:2.7.1] AndroidManifest.xml:27:5-81
44-->[androidx.work:work-runtime:2.7.1] AndroidManifest.xml:27:22-78
45
46    <application
46-->src/main/AndroidManifest.xml:21:5-166:19
47        android:name="com.forthgreen.app.utils.ApplicationGlobal"
47-->src/main/AndroidManifest.xml:22:9-48
48        android:allowBackup="false"
48-->src/main/AndroidManifest.xml:23:9-36
49        android:appComponentFactory="androidx.core.app.CoreComponentFactory"
49-->[androidx.core:core:1.6.0] AndroidManifest.xml:24:18-86
50        android:icon="@mipmap/ic_launcher"
50-->src/main/AndroidManifest.xml:24:9-43
51        android:label="@string/app_name"
51-->src/main/AndroidManifest.xml:25:9-41
52        android:roundIcon="@mipmap/ic_launcher_round"
52-->src/main/AndroidManifest.xml:26:9-54
53        android:supportsRtl="true"
53-->src/main/AndroidManifest.xml:27:9-35
54        android:theme="@style/AppTheme"
54-->src/main/AndroidManifest.xml:28:9-40
55        android:usesCleartextTraffic="true" >
55-->src/main/AndroidManifest.xml:29:9-44
56        <meta-data
56-->src/main/AndroidManifest.xml:30:9-32:35
57            android:name="design_width_in_dp"
57-->src/main/AndroidManifest.xml:31:13-46
58            android:value="375" />
58-->src/main/AndroidManifest.xml:32:13-32
59        <meta-data
59-->src/main/AndroidManifest.xml:33:9-35:35
60            android:name="design_height_in_dp"
60-->src/main/AndroidManifest.xml:34:13-47
61            android:value="667" />
61-->src/main/AndroidManifest.xml:35:13-32
62
63        <activity
63-->src/main/AndroidManifest.xml:37:9-76:20
64            android:name="com.forthgreen.app.views.activities.MainActivity"
64-->src/main/AndroidManifest.xml:38:13-58
65            android:configChanges="orientation|keyboardHidden|screenSize"
65-->src/main/AndroidManifest.xml:39:13-74
66            android:exported="true"
66-->src/main/AndroidManifest.xml:40:13-36
67            android:screenOrientation="portrait"
67-->src/main/AndroidManifest.xml:41:13-49
68            android:windowSoftInputMode="stateAlwaysHidden|adjustPan" >
68-->src/main/AndroidManifest.xml:42:13-70
69            <intent-filter>
69-->src/main/AndroidManifest.xml:44:13-48:29
70                <action android:name="android.intent.action.MAIN" />
70-->src/main/AndroidManifest.xml:45:17-69
70-->src/main/AndroidManifest.xml:45:25-66
71
72                <category android:name="android.intent.category.LAUNCHER" />
72-->src/main/AndroidManifest.xml:47:17-77
72-->src/main/AndroidManifest.xml:47:27-74
73            </intent-filter>
74
75            <!-- Branch URI Scheme -->
76            <intent-filter>
76-->src/main/AndroidManifest.xml:51:13-59:29
77                <data
77-->src/main/AndroidManifest.xml:18:13-44
78                    android:host="open"
78-->src/main/AndroidManifest.xml:53:21-40
79                    android:scheme="forthgreen" />
79-->src/main/AndroidManifest.xml:18:19-41
80
81                <action android:name="android.intent.action.VIEW" />
81-->src/main/AndroidManifest.xml:16:13-65
81-->src/main/AndroidManifest.xml:16:21-62
82
83                <category android:name="android.intent.category.DEFAULT" />
83-->src/main/AndroidManifest.xml:57:17-76
83-->src/main/AndroidManifest.xml:57:27-73
84                <category android:name="android.intent.category.BROWSABLE" />
84-->src/main/AndroidManifest.xml:17:13-74
84-->src/main/AndroidManifest.xml:17:23-71
85            </intent-filter>
86
87            <!-- Branch App Links (optional) -->
88            <intent-filter android:autoVerify="true" >
88-->src/main/AndroidManifest.xml:62:13-75:29
88-->src/main/AndroidManifest.xml:62:28-53
89                <action android:name="android.intent.action.VIEW" />
89-->src/main/AndroidManifest.xml:16:13-65
89-->src/main/AndroidManifest.xml:16:21-62
90
91                <category android:name="android.intent.category.DEFAULT" />
91-->src/main/AndroidManifest.xml:57:17-76
91-->src/main/AndroidManifest.xml:57:27-73
92                <category android:name="android.intent.category.BROWSABLE" />
92-->src/main/AndroidManifest.xml:17:13-74
92-->src/main/AndroidManifest.xml:17:23-71
93
94                <data
94-->src/main/AndroidManifest.xml:18:13-44
95                    android:host="forth.app.link"
95-->src/main/AndroidManifest.xml:53:21-40
96                    android:scheme="https" />
96-->src/main/AndroidManifest.xml:18:19-41
97                <!-- example-alternate domain is required for App Links when the Journeys/Web SDK and Deepviews are used inside your website. -->
98                <data
98-->src/main/AndroidManifest.xml:18:13-44
99                    android:host="forth-alternate.app.link"
99-->src/main/AndroidManifest.xml:53:21-40
100                    android:scheme="https" />
100-->src/main/AndroidManifest.xml:18:19-41
101            </intent-filter>
102        </activity>
103        <activity
103-->src/main/AndroidManifest.xml:77:9-89:20
104            android:name="com.forthgreen.app.views.activities.HomeActivity"
104-->src/main/AndroidManifest.xml:78:13-58
105            android:configChanges="orientation|keyboardHidden|screenSize"
105-->src/main/AndroidManifest.xml:79:13-74
106            android:exported="true"
106-->src/main/AndroidManifest.xml:80:13-36
107            android:screenOrientation="portrait"
107-->src/main/AndroidManifest.xml:81:13-49
108            android:windowSoftInputMode="stateAlwaysHidden|adjustResize" >
108-->src/main/AndroidManifest.xml:82:13-73
109
110            <!-- <intent-filter> -->
111            <!-- <action android:name="android.intent.action.MAIN" /> -->
112
113
114            <!-- <category android:name="android.intent.category.LAUNCHER" /> -->
115            <!-- </intent-filter> -->
116        </activity>
117
118        <!-- For Camera Intent -->
119        <provider
120            android:name="androidx.core.content.FileProvider"
120-->src/main/AndroidManifest.xml:94:13-62
121            android:authorities="com.forthgreen.app.provider"
121-->src/main/AndroidManifest.xml:95:13-60
122            android:exported="false"
122-->src/main/AndroidManifest.xml:96:13-37
123            android:grantUriPermissions="true" >
123-->src/main/AndroidManifest.xml:97:13-47
124            <meta-data
124-->src/main/AndroidManifest.xml:98:13-100:58
125                android:name="android.support.FILE_PROVIDER_PATHS"
125-->src/main/AndroidManifest.xml:99:17-67
126                android:resource="@xml/provider_paths" />
126-->src/main/AndroidManifest.xml:100:17-55
127        </provider>
128
129        <!-- For Facebook Login -->
130        <meta-data
130-->src/main/AndroidManifest.xml:105:9-107:55
131            android:name="com.facebook.sdk.ApplicationId"
131-->src/main/AndroidManifest.xml:106:13-58
132            android:value="@string/facebook_app_id" />
132-->src/main/AndroidManifest.xml:107:13-52
133
134        <activity
134-->src/main/AndroidManifest.xml:109:9-112:48
135            android:name="com.facebook.FacebookActivity"
135-->src/main/AndroidManifest.xml:110:13-57
136            android:configChanges="keyboard|keyboardHidden|screenLayout|screenSize|orientation"
136-->src/main/AndroidManifest.xml:111:13-96
137            android:label="@string/app_name"
137-->src/main/AndroidManifest.xml:112:13-45
138            android:theme="@style/com_facebook_activity_theme" />
138-->[com.facebook.android:facebook-common:11.3.0] AndroidManifest.xml:33:13-63
139        <activity
139-->src/main/AndroidManifest.xml:113:9-124:20
140            android:name="com.facebook.CustomTabActivity"
140-->src/main/AndroidManifest.xml:114:13-58
141            android:exported="true" >
141-->src/main/AndroidManifest.xml:115:13-36
142            <intent-filter>
142-->src/main/AndroidManifest.xml:116:13-123:29
143                <action android:name="android.intent.action.VIEW" />
143-->src/main/AndroidManifest.xml:16:13-65
143-->src/main/AndroidManifest.xml:16:21-62
144
145                <category android:name="android.intent.category.DEFAULT" />
145-->src/main/AndroidManifest.xml:57:17-76
145-->src/main/AndroidManifest.xml:57:27-73
146                <category android:name="android.intent.category.BROWSABLE" />
146-->src/main/AndroidManifest.xml:17:13-74
146-->src/main/AndroidManifest.xml:17:23-71
147
148                <data android:scheme="@string/fb_login_protocol_scheme" />
148-->src/main/AndroidManifest.xml:18:13-44
148-->src/main/AndroidManifest.xml:18:19-41
149            </intent-filter>
150            <intent-filter>
150-->[com.facebook.android:facebook-common:11.3.0] AndroidManifest.xml:39:13-48:29
151                <action android:name="android.intent.action.VIEW" />
151-->src/main/AndroidManifest.xml:16:13-65
151-->src/main/AndroidManifest.xml:16:21-62
152
153                <category android:name="android.intent.category.DEFAULT" />
153-->src/main/AndroidManifest.xml:57:17-76
153-->src/main/AndroidManifest.xml:57:27-73
154                <category android:name="android.intent.category.BROWSABLE" />
154-->src/main/AndroidManifest.xml:17:13-74
154-->src/main/AndroidManifest.xml:17:23-71
155
156                <data
156-->src/main/AndroidManifest.xml:18:13-44
157                    android:host="cct.com.forthgreen.app"
157-->src/main/AndroidManifest.xml:53:21-40
158                    android:scheme="fbconnect" />
158-->src/main/AndroidManifest.xml:18:19-41
159            </intent-filter>
160        </activity>
161
162        <!-- Branch Init -->
163        <meta-data
163-->src/main/AndroidManifest.xml:128:9-130:73
164            android:name="io.branch.sdk.BranchKey"
164-->src/main/AndroidManifest.xml:129:13-51
165            android:value="key_live_ffV4mMEZwyyX69Fd2RR8fffotxembuen" />
165-->src/main/AndroidManifest.xml:130:13-70
166        <meta-data
166-->src/main/AndroidManifest.xml:131:9-133:73
167            android:name="io.branch.sdk.BranchKey.test"
167-->src/main/AndroidManifest.xml:132:13-56
168            android:value="key_test_mjV4eKz7DFDZ20rm4QO9ppfbuyhpnqjB" />
168-->src/main/AndroidManifest.xml:133:13-70
169
170        <!-- Set to true to use Branch_Test_Key (useful when simulating installs and/or switching between debug and production flavors) -->
171        <meta-data
171-->src/main/AndroidManifest.xml:136:9-138:37
172            android:name="io.branch.sdk.TestMode"
172-->src/main/AndroidManifest.xml:137:13-50
173            android:value="false" />
173-->src/main/AndroidManifest.xml:138:13-34
174
175        <!-- For Google maps -->
176        <meta-data
176-->src/main/AndroidManifest.xml:142:9-144:69
177            android:name="com.google.android.gms.version"
177-->src/main/AndroidManifest.xml:143:13-58
178            android:value="@integer/google_play_services_version" />
178-->src/main/AndroidManifest.xml:144:13-66
179        <meta-data
179-->src/main/AndroidManifest.xml:146:9-148:55
180            android:name="com.google.android.geo.API_KEY"
180-->src/main/AndroidManifest.xml:147:13-58
181            android:value="@string/google_maps_key" />
181-->src/main/AndroidManifest.xml:148:13-52
182        <meta-data
182-->src/main/AndroidManifest.xml:149:9-151:57
183            android:name="preloaded_fonts"
183-->src/main/AndroidManifest.xml:150:13-43
184            android:resource="@array/preloaded_fonts" />
184-->src/main/AndroidManifest.xml:151:13-54
185
186        <!-- For FCM -->
187        <service
187-->src/main/AndroidManifest.xml:155:9-161:19
188            android:name="com.forthgreen.app.services.MyFirebaseMessagingService"
188-->src/main/AndroidManifest.xml:156:13-64
189            android:exported="true" >
189-->src/main/AndroidManifest.xml:157:13-36
190            <intent-filter>
190-->src/main/AndroidManifest.xml:158:13-160:29
191                <action android:name="com.google.firebase.MESSAGING_EVENT" />
191-->src/main/AndroidManifest.xml:159:17-78
191-->src/main/AndroidManifest.xml:159:25-75
192            </intent-filter>
193        </service>
194
195        <!-- video upload service -->
196        <!-- <service android:name="forthgreenen.app.services.UploadVideoService"/> -->
197
198        <service
198-->[com.google.firebase:firebase-crashlytics-ktx:17.4.1] AndroidManifest.xml:24:9-30:19
199            android:name="com.google.firebase.components.ComponentDiscoveryService"
199-->[com.google.firebase:firebase-crashlytics-ktx:17.4.1] AndroidManifest.xml:25:13-84
200            android:directBootAware="true"
200-->[com.google.firebase:firebase-common:19.5.0] AndroidManifest.xml:35:13-43
201            android:exported="false" >
201-->[com.google.firebase:firebase-crashlytics-ktx:17.4.1] AndroidManifest.xml:26:13-37
202            <meta-data
202-->[com.google.firebase:firebase-crashlytics-ktx:17.4.1] AndroidManifest.xml:27:13-29:85
203                android:name="com.google.firebase.components:com.google.firebase.crashlytics.ktx.FirebaseCrashlyticsKtxRegistrar"
203-->[com.google.firebase:firebase-crashlytics-ktx:17.4.1] AndroidManifest.xml:28:17-130
204                android:value="com.google.firebase.components.ComponentRegistrar" />
204-->[com.google.firebase:firebase-crashlytics-ktx:17.4.1] AndroidManifest.xml:29:17-82
205            <meta-data
205-->[com.google.firebase:firebase-analytics-ktx:18.0.3] AndroidManifest.xml:11:13-13:85
206                android:name="com.google.firebase.components:com.google.firebase.analytics.ktx.FirebaseAnalyticsKtxRegistrar"
206-->[com.google.firebase:firebase-analytics-ktx:18.0.3] AndroidManifest.xml:12:17-126
207                android:value="com.google.firebase.components.ComponentRegistrar" />
207-->[com.google.firebase:firebase-analytics-ktx:18.0.3] AndroidManifest.xml:13:17-82
208            <meta-data
208-->[com.google.firebase:firebase-auth-ktx:20.0.4] AndroidManifest.xml:11:13-13:85
209                android:name="com.google.firebase.components:com.google.firebase.auth.ktx.FirebaseAuthKtxRegistrar"
209-->[com.google.firebase:firebase-auth-ktx:20.0.4] AndroidManifest.xml:12:17-116
210                android:value="com.google.firebase.components.ComponentRegistrar" />
210-->[com.google.firebase:firebase-auth-ktx:20.0.4] AndroidManifest.xml:13:17-82
211            <meta-data
211-->[com.google.firebase:firebase-messaging-ktx:21.0.1] AndroidManifest.xml:29:13-31:85
212                android:name="com.google.firebase.components:com.google.firebase.messaging.ktx.FirebaseMessagingKtxRegistrar"
212-->[com.google.firebase:firebase-messaging-ktx:21.0.1] AndroidManifest.xml:30:17-126
213                android:value="com.google.firebase.components.ComponentRegistrar" />
213-->[com.google.firebase:firebase-messaging-ktx:21.0.1] AndroidManifest.xml:31:17-82
214            <meta-data
214-->[com.google.firebase:firebase-common-ktx:19.5.0] AndroidManifest.xml:15:13-17:85
215                android:name="com.google.firebase.components:com.google.firebase.ktx.FirebaseCommonKtxRegistrar"
215-->[com.google.firebase:firebase-common-ktx:19.5.0] AndroidManifest.xml:16:17-113
216                android:value="com.google.firebase.components.ComponentRegistrar" />
216-->[com.google.firebase:firebase-common-ktx:19.5.0] AndroidManifest.xml:17:17-82
217            <meta-data
217-->[com.google.firebase:firebase-dynamic-links:19.1.1] AndroidManifest.xml:11:13-13:85
218                android:name="com.google.firebase.components:com.google.firebase.dynamiclinks.internal.FirebaseDynamicLinkRegistrar"
218-->[com.google.firebase:firebase-dynamic-links:19.1.1] AndroidManifest.xml:12:17-133
219                android:value="com.google.firebase.components.ComponentRegistrar" />
219-->[com.google.firebase:firebase-dynamic-links:19.1.1] AndroidManifest.xml:13:17-82
220            <meta-data
220-->[com.google.firebase:firebase-auth:20.0.4] AndroidManifest.xml:77:13-79:85
221                android:name="com.google.firebase.components:com.google.firebase.auth.FirebaseAuthRegistrar"
221-->[com.google.firebase:firebase-auth:20.0.4] AndroidManifest.xml:78:17-109
222                android:value="com.google.firebase.components.ComponentRegistrar" />
222-->[com.google.firebase:firebase-auth:20.0.4] AndroidManifest.xml:79:17-82
223            <meta-data
223-->[com.google.firebase:firebase-crashlytics:17.4.1] AndroidManifest.xml:18:13-20:85
224                android:name="com.google.firebase.components:com.google.firebase.crashlytics.CrashlyticsRegistrar"
224-->[com.google.firebase:firebase-crashlytics:17.4.1] AndroidManifest.xml:19:17-115
225                android:value="com.google.firebase.components.ComponentRegistrar" />
225-->[com.google.firebase:firebase-crashlytics:17.4.1] AndroidManifest.xml:20:17-82
226            <meta-data
226-->[com.google.firebase:firebase-messaging:21.1.0] AndroidManifest.xml:52:13-54:85
227                android:name="com.google.firebase.components:com.google.firebase.messaging.FirebaseMessagingRegistrar"
227-->[com.google.firebase:firebase-messaging:21.1.0] AndroidManifest.xml:53:17-119
228                android:value="com.google.firebase.components.ComponentRegistrar" />
228-->[com.google.firebase:firebase-messaging:21.1.0] AndroidManifest.xml:54:17-82
229            <meta-data
229-->[com.google.firebase:firebase-datatransport:17.0.10] AndroidManifest.xml:28:13-30:85
230                android:name="com.google.firebase.components:com.google.firebase.datatransport.TransportRegistrar"
230-->[com.google.firebase:firebase-datatransport:17.0.10] AndroidManifest.xml:29:17-115
231                android:value="com.google.firebase.components.ComponentRegistrar" />
231-->[com.google.firebase:firebase-datatransport:17.0.10] AndroidManifest.xml:30:17-82
232            <meta-data
232-->[com.google.firebase:firebase-iid:21.1.0] AndroidManifest.xml:32:13-34:85
233                android:name="com.google.firebase.components:com.google.firebase.iid.Registrar"
233-->[com.google.firebase:firebase-iid:21.1.0] AndroidManifest.xml:33:17-96
234                android:value="com.google.firebase.components.ComponentRegistrar" />
234-->[com.google.firebase:firebase-iid:21.1.0] AndroidManifest.xml:34:17-82
235            <meta-data
235-->[com.google.android.gms:play-services-measurement-api:18.0.3] AndroidManifest.xml:30:13-32:85
236                android:name="com.google.firebase.components:com.google.firebase.analytics.connector.internal.AnalyticsConnectorRegistrar"
236-->[com.google.android.gms:play-services-measurement-api:18.0.3] AndroidManifest.xml:31:17-139
237                android:value="com.google.firebase.components.ComponentRegistrar" />
237-->[com.google.android.gms:play-services-measurement-api:18.0.3] AndroidManifest.xml:32:17-82
238            <meta-data
238-->[com.google.firebase:firebase-installations:16.3.5] AndroidManifest.xml:18:13-20:85
239                android:name="com.google.firebase.components:com.google.firebase.installations.FirebaseInstallationsRegistrar"
239-->[com.google.firebase:firebase-installations:16.3.5] AndroidManifest.xml:19:17-127
240                android:value="com.google.firebase.components.ComponentRegistrar" />
240-->[com.google.firebase:firebase-installations:16.3.5] AndroidManifest.xml:20:17-82
241            <!--
242                This registrar is not defined in the dynamic-module-support sdk itself to allow non-firebase
243                clients to use it as well, by defining this registrar in their own core/common library.
244            -->
245            <meta-data
245-->[com.google.firebase:firebase-common:19.5.0] AndroidManifest.xml:43:13-45:85
246                android:name="com.google.firebase.components:com.google.firebase.dynamicloading.DynamicLoadingRegistrar"
246-->[com.google.firebase:firebase-common:19.5.0] AndroidManifest.xml:44:17-121
247                android:value="com.google.firebase.components.ComponentRegistrar" />
247-->[com.google.firebase:firebase-common:19.5.0] AndroidManifest.xml:45:17-82
248        </service>
249
250        <activity android:name="com.facebook.CustomTabMainActivity" />
250-->[com.facebook.android:facebook-common:11.3.0] AndroidManifest.xml:34:9-71
250-->[com.facebook.android:facebook-common:11.3.0] AndroidManifest.xml:34:19-68
251        <!--
252         The initialization ContentProvider will call FacebookSdk.sdkInitialize automatically
253         with the application context. This config is merged in with the host app's manifest,
254         but there can only be one provider with the same authority activated at any given
255         point; so if the end user has two or more different apps that use Facebook SDK, only the
256         first one will be able to use the provider. To work around this problem, we use the
257         following placeholder in the authority to identify each host application as if it was
258         a completely different provider.
259        -->
260        <provider
260-->[com.facebook.android:facebook-core:11.3.0] AndroidManifest.xml:39:9-42:40
261            android:name="com.facebook.internal.FacebookInitProvider"
261-->[com.facebook.android:facebook-core:11.3.0] AndroidManifest.xml:40:13-70
262            android:authorities="com.forthgreen.app.FacebookInitProvider"
262-->[com.facebook.android:facebook-core:11.3.0] AndroidManifest.xml:41:13-72
263            android:exported="false" />
263-->[com.facebook.android:facebook-core:11.3.0] AndroidManifest.xml:42:13-37
264
265        <receiver
265-->[com.facebook.android:facebook-core:11.3.0] AndroidManifest.xml:44:9-50:20
266            android:name="com.facebook.CurrentAccessTokenExpirationBroadcastReceiver"
266-->[com.facebook.android:facebook-core:11.3.0] AndroidManifest.xml:45:13-86
267            android:exported="false" >
267-->[com.facebook.android:facebook-core:11.3.0] AndroidManifest.xml:46:13-37
268            <intent-filter>
268-->[com.facebook.android:facebook-core:11.3.0] AndroidManifest.xml:47:13-49:29
269                <action android:name="com.facebook.sdk.ACTION_CURRENT_ACCESS_TOKEN_CHANGED" />
269-->[com.facebook.android:facebook-core:11.3.0] AndroidManifest.xml:48:17-95
269-->[com.facebook.android:facebook-core:11.3.0] AndroidManifest.xml:48:25-92
270            </intent-filter>
271        </receiver>
272
273        <activity
273-->[com.google.android.libraries.places:places:2.4.0] AndroidManifest.xml:14:9-20:20
274            android:name="com.google.android.libraries.places.widget.AutocompleteActivity"
274-->[com.google.android.libraries.places:places:2.4.0] AndroidManifest.xml:15:13-91
275            android:exported="false"
275-->[com.google.android.libraries.places:places:2.4.0] AndroidManifest.xml:16:13-37
276            android:label="@string/places_autocomplete_label"
276-->[com.google.android.libraries.places:places:2.4.0] AndroidManifest.xml:17:13-62
277            android:theme="@style/PlacesAutocompleteOverlay"
277-->[com.google.android.libraries.places:places:2.4.0] AndroidManifest.xml:18:13-61
278            android:windowSoftInputMode="adjustResize" >
278-->[com.google.android.libraries.places:places:2.4.0] AndroidManifest.xml:19:13-55
279        </activity>
280
281        <provider
281-->[me.jessyan:autosize:1.2.1] AndroidManifest.xml:12:9-16:43
282            android:name="me.jessyan.autosize.InitProvider"
282-->[me.jessyan:autosize:1.2.1] AndroidManifest.xml:13:13-60
283            android:authorities="com.forthgreen.app.autosize-init-provider"
283-->[me.jessyan:autosize:1.2.1] AndroidManifest.xml:14:13-74
284            android:exported="false"
284-->[me.jessyan:autosize:1.2.1] AndroidManifest.xml:15:13-37
285            android:multiprocess="true" />
285-->[me.jessyan:autosize:1.2.1] AndroidManifest.xml:16:13-40
286
287        <activity
287-->[com.google.android.gms:play-services-auth:19.0.0] AndroidManifest.xml:23:9-27:75
288            android:name="com.google.android.gms.auth.api.signin.internal.SignInHubActivity"
288-->[com.google.android.gms:play-services-auth:19.0.0] AndroidManifest.xml:24:13-93
289            android:excludeFromRecents="true"
289-->[com.google.android.gms:play-services-auth:19.0.0] AndroidManifest.xml:25:13-46
290            android:exported="false"
290-->[com.google.android.gms:play-services-auth:19.0.0] AndroidManifest.xml:26:13-37
291            android:theme="@android:style/Theme.Translucent.NoTitleBar" />
291-->[com.google.android.gms:play-services-auth:19.0.0] AndroidManifest.xml:27:13-72
292        <!--
293            Service handling Google Sign-In user revocation. For apps that do not integrate with
294            Google Sign-In, this service will never be started.
295        -->
296        <service
296-->[com.google.android.gms:play-services-auth:19.0.0] AndroidManifest.xml:33:9-37:51
297            android:name="com.google.android.gms.auth.api.signin.RevocationBoundService"
297-->[com.google.android.gms:play-services-auth:19.0.0] AndroidManifest.xml:34:13-89
298            android:exported="true"
298-->[com.google.android.gms:play-services-auth:19.0.0] AndroidManifest.xml:35:13-36
299            android:permission="com.google.android.gms.auth.api.signin.permission.REVOCATION_NOTIFICATION"
299-->[com.google.android.gms:play-services-auth:19.0.0] AndroidManifest.xml:36:13-107
300            android:visibleToInstantApps="true" />
300-->[com.google.android.gms:play-services-auth:19.0.0] AndroidManifest.xml:37:13-48
301
302        <activity
302-->[com.google.firebase:firebase-auth:20.0.4] AndroidManifest.xml:27:9-44:20
303            android:name="com.google.firebase.auth.internal.GenericIdpActivity"
303-->[com.google.firebase:firebase-auth:20.0.4] AndroidManifest.xml:28:13-80
304            android:excludeFromRecents="true"
304-->[com.google.firebase:firebase-auth:20.0.4] AndroidManifest.xml:29:13-46
305            android:exported="true"
305-->[com.google.firebase:firebase-auth:20.0.4] AndroidManifest.xml:30:13-36
306            android:launchMode="singleTask"